  stdafx.cpp
  ChildFrm.cpp
  HW1_0616098_黃秉茂.cpp
  HW1_0616098_黃秉茂Doc.cpp
  HW1_0616098_黃秉茂View.cpp
d:\課程\作業\進程\national flag\hw1_0616098_黃秉茂\hw1_0616098_黃秉茂view.cpp(109): warning C4244: '引數': 將 'double' 轉換為 'int'，由於類型不同，可能導致資料遺失
d:\課程\作業\進程\national flag\hw1_0616098_黃秉茂\hw1_0616098_黃秉茂view.cpp(114): warning C4244: '引數': 將 'double' 轉換為 'int'，由於類型不同，可能導致資料遺失
d:\課程\作業\進程\national flag\hw1_0616098_黃秉茂\hw1_0616098_黃秉茂view.cpp(116): warning C4244: '引數': 將 'double' 轉換為 'int'，由於類型不同，可能導致資料遺失
d:\課程\作業\進程\national flag\hw1_0616098_黃秉茂\hw1_0616098_黃秉茂view.cpp(121): warning C4244: '引數': 將 'double' 轉換為 'int'，由於類型不同，可能導致資料遺失
d:\課程\作業\進程\national flag\hw1_0616098_黃秉茂\hw1_0616098_黃秉茂view.cpp(122): warning C4244: '引數': 將 'double' 轉換為 'int'，由於類型不同，可能導致資料遺失
d:\課程\作業\進程\national flag\hw1_0616098_黃秉茂\hw1_0616098_黃秉茂view.cpp(126): warning C4244: '引數': 將 'double' 轉換為 'int'，由於類型不同，可能導致資料遺失
d:\課程\作業\進程\national flag\hw1_0616098_黃秉茂\hw1_0616098_黃秉茂view.cpp(127): warning C4244: '引數': 將 'double' 轉換為 'int'，由於類型不同，可能導致資料遺失
d:\課程\作業\進程\national flag\hw1_0616098_黃秉茂\hw1_0616098_黃秉茂view.cpp(177): warning C4244: '引數': 將 'double' 轉換為 'int'，由於類型不同，可能導致資料遺失
d:\課程\作業\進程\national flag\hw1_0616098_黃秉茂\hw1_0616098_黃秉茂view.cpp(178): warning C4244: '引數': 將 'double' 轉換為 'int'，由於類型不同，可能導致資料遺失
d:\課程\作業\進程\national flag\hw1_0616098_黃秉茂\hw1_0616098_黃秉茂view.cpp(184): warning C4244: '引數': 將 'double' 轉換為 'int'，由於類型不同，可能導致資料遺失
d:\課程\作業\進程\national flag\hw1_0616098_黃秉茂\hw1_0616098_黃秉茂view.cpp(185): warning C4244: '引數': 將 'double' 轉換為 'int'，由於類型不同，可能導致資料遺失
d:\課程\作業\進程\national flag\hw1_0616098_黃秉茂\hw1_0616098_黃秉茂view.cpp(191): warning C4244: '引數': 將 'double' 轉換為 'int'，由於類型不同，可能導致資料遺失
d:\課程\作業\進程\national flag\hw1_0616098_黃秉茂\hw1_0616098_黃秉茂view.cpp(196): warning C4244: '引數': 將 'double' 轉換為 'int'，由於類型不同，可能導致資料遺失
d:\課程\作業\進程\national flag\hw1_0616098_黃秉茂\hw1_0616098_黃秉茂view.cpp(199): warning C4244: '引數': 將 'double' 轉換為 'int'，由於類型不同，可能導致資料遺失
d:\課程\作業\進程\national flag\hw1_0616098_黃秉茂\hw1_0616098_黃秉茂view.cpp(200): warning C4244: '引數': 將 'double' 轉換為 'int'，由於類型不同，可能導致資料遺失
d:\課程\作業\進程\national flag\hw1_0616098_黃秉茂\hw1_0616098_黃秉茂view.cpp(201): warning C4244: '引數': 將 'double' 轉換為 'int'，由於類型不同，可能導致資料遺失
d:\課程\作業\進程\national flag\hw1_0616098_黃秉茂\hw1_0616098_黃秉茂view.cpp(203): warning C4244: '引數': 將 'double' 轉換為 'int'，由於類型不同，可能導致資料遺失
d:\課程\作業\進程\national flag\hw1_0616098_黃秉茂\hw1_0616098_黃秉茂view.cpp(229): warning C4244: '引數': 將 'double' 轉換為 'int'，由於類型不同，可能導致資料遺失
d:\課程\作業\進程\national flag\hw1_0616098_黃秉茂\hw1_0616098_黃秉茂view.cpp(239): warning C4244: '引數': 將 'double' 轉換為 'int'，由於類型不同，可能導致資料遺失
d:\課程\作業\進程\national flag\hw1_0616098_黃秉茂\hw1_0616098_黃秉茂view.cpp(240): warning C4244: '引數': 將 'double' 轉換為 'int'，由於類型不同，可能導致資料遺失
d:\課程\作業\進程\national flag\hw1_0616098_黃秉茂\hw1_0616098_黃秉茂view.cpp(241): warning C4244: '引數': 將 'double' 轉換為 'int'，由於類型不同，可能導致資料遺失
d:\課程\作業\進程\national flag\hw1_0616098_黃秉茂\hw1_0616098_黃秉茂view.cpp(242): warning C4244: '引數': 將 'double' 轉換為 'int'，由於類型不同，可能導致資料遺失
d:\課程\作業\進程\national flag\hw1_0616098_黃秉茂\hw1_0616098_黃秉茂view.cpp(249): warning C4244: '引數': 將 'double' 轉換為 'int'，由於類型不同，可能導致資料遺失
d:\課程\作業\進程\national flag\hw1_0616098_黃秉茂\hw1_0616098_黃秉茂view.cpp(255): warning C4244: '引數': 將 'double' 轉換為 'int'，由於類型不同，可能導致資料遺失
d:\課程\作業\進程\national flag\hw1_0616098_黃秉茂\hw1_0616098_黃秉茂view.cpp(319): warning C4244: '引數': 將 'double' 轉換為 'int'，由於類型不同，可能導致資料遺失
d:\課程\作業\進程\national flag\hw1_0616098_黃秉茂\hw1_0616098_黃秉茂view.cpp(320): warning C4244: '引數': 將 'double' 轉換為 'int'，由於類型不同，可能導致資料遺失
d:\課程\作業\進程\national flag\hw1_0616098_黃秉茂\hw1_0616098_黃秉茂view.cpp(321): warning C4244: '引數': 將 'double' 轉換為 'int'，由於類型不同，可能導致資料遺失
d:\課程\作業\進程\national flag\hw1_0616098_黃秉茂\hw1_0616098_黃秉茂view.cpp(322): warning C4244: '引數': 將 'double' 轉換為 'int'，由於類型不同，可能導致資料遺失
d:\課程\作業\進程\national flag\hw1_0616098_黃秉茂\hw1_0616098_黃秉茂view.cpp(323): warning C4244: '引數': 將 'double' 轉換為 'int'，由於類型不同，可能導致資料遺失
d:\課程\作業\進程\national flag\hw1_0616098_黃秉茂\hw1_0616098_黃秉茂view.cpp(324): warning C4244: '引數': 將 'double' 轉換為 'int'，由於類型不同，可能導致資料遺失
d:\課程\作業\進程\national flag\hw1_0616098_黃秉茂\hw1_0616098_黃秉茂view.cpp(353): warning C4244: '引數': 將 'double' 轉換為 'int'，由於類型不同，可能導致資料遺失
d:\課程\作業\進程\national flag\hw1_0616098_黃秉茂\hw1_0616098_黃秉茂view.cpp(354): warning C4244: '引數': 將 'double' 轉換為 'int'，由於類型不同，可能導致資料遺失
d:\課程\作業\進程\national flag\hw1_0616098_黃秉茂\hw1_0616098_黃秉茂view.cpp(355): warning C4244: '引數': 將 'double' 轉換為 'int'，由於類型不同，可能導致資料遺失
d:\課程\作業\進程\national flag\hw1_0616098_黃秉茂\hw1_0616098_黃秉茂view.cpp(356): warning C4244: '引數': 將 'double' 轉換為 'int'，由於類型不同，可能導致資料遺失
d:\課程\作業\進程\national flag\hw1_0616098_黃秉茂\hw1_0616098_黃秉茂view.cpp(357): warning C4244: '引數': 將 'double' 轉換為 'int'，由於類型不同，可能導致資料遺失
d:\課程\作業\進程\national flag\hw1_0616098_黃秉茂\hw1_0616098_黃秉茂view.cpp(358): warning C4244: '引數': 將 'double' 轉換為 'int'，由於類型不同，可能導致資料遺失
d:\課程\作業\進程\national flag\hw1_0616098_黃秉茂\hw1_0616098_黃秉茂view.cpp(371): warning C4244: '引數': 將 'double' 轉換為 'int'，由於類型不同，可能導致資料遺失
d:\課程\作業\進程\national flag\hw1_0616098_黃秉茂\hw1_0616098_黃秉茂view.cpp(372): warning C4244: '引數': 將 'double' 轉換為 'int'，由於類型不同，可能導致資料遺失
d:\課程\作業\進程\national flag\hw1_0616098_黃秉茂\hw1_0616098_黃秉茂view.cpp(373): warning C4244: '引數': 將 'double' 轉換為 'int'，由於類型不同，可能導致資料遺失
d:\課程\作業\進程\national flag\hw1_0616098_黃秉茂\hw1_0616098_黃秉茂view.cpp(374): warning C4244: '引數': 將 'double' 轉換為 'int'，由於類型不同，可能導致資料遺失
d:\課程\作業\進程\national flag\hw1_0616098_黃秉茂\hw1_0616098_黃秉茂view.cpp(375): warning C4244: '引數': 將 'double' 轉換為 'int'，由於類型不同，可能導致資料遺失
d:\課程\作業\進程\national flag\hw1_0616098_黃秉茂\hw1_0616098_黃秉茂view.cpp(376): warning C4244: '引數': 將 'double' 轉換為 'int'，由於類型不同，可能導致資料遺失
d:\課程\作業\進程\national flag\hw1_0616098_黃秉茂\hw1_0616098_黃秉茂view.cpp(389): warning C4244: '引數': 將 'double' 轉換為 'int'，由於類型不同，可能導致資料遺失
d:\課程\作業\進程\national flag\hw1_0616098_黃秉茂\hw1_0616098_黃秉茂view.cpp(390): warning C4244: '引數': 將 'double' 轉換為 'int'，由於類型不同，可能導致資料遺失
d:\課程\作業\進程\national flag\hw1_0616098_黃秉茂\hw1_0616098_黃秉茂view.cpp(391): warning C4244: '引數': 將 'double' 轉換為 'int'，由於類型不同，可能導致資料遺失
d:\課程\作業\進程\national flag\hw1_0616098_黃秉茂\hw1_0616098_黃秉茂view.cpp(392): warning C4244: '引數': 將 'double' 轉換為 'int'，由於類型不同，可能導致資料遺失
d:\課程\作業\進程\national flag\hw1_0616098_黃秉茂\hw1_0616098_黃秉茂view.cpp(393): warning C4244: '引數': 將 'double' 轉換為 'int'，由於類型不同，可能導致資料遺失
d:\課程\作業\進程\national flag\hw1_0616098_黃秉茂\hw1_0616098_黃秉茂view.cpp(394): warning C4244: '引數': 將 'double' 轉換為 'int'，由於類型不同，可能導致資料遺失
  MainFrm.cpp
  正在產生程式碼...
  HW1_0616098_黃秉茂.vcxproj -> D:\課程\作業\進程\National flag\Debug\HW1_0616098_黃秉茂.exe
