  CStock.cpp
d:\課程\作業\進程\stockviewer_20190510\stockviewer_20190510\stockviewer_20190502\cstock.cpp(175): warning C4244: '=': 將 'double' 轉換為 'int'，由於類型不同，可能導致資料遺失
d:\課程\作業\進程\stockviewer_20190510\stockviewer_20190510\stockviewer_20190502\cstock.cpp(176): warning C4244: '=': 將 'double' 轉換為 'int'，由於類型不同，可能導致資料遺失
d:\課程\作業\進程\stockviewer_20190510\stockviewer_20190510\stockviewer_20190502\cstock.cpp(177): warning C4244: '=': 將 'double' 轉換為 'int'，由於類型不同，可能導致資料遺失
d:\課程\作業\進程\stockviewer_20190510\stockviewer_20190510\stockviewer_20190502\cstock.cpp(178): warning C4244: '=': 將 'double' 轉換為 'int'，由於類型不同，可能導致資料遺失
d:\課程\作業\進程\stockviewer_20190510\stockviewer_20190510\stockviewer_20190502\cstock.cpp(204): warning C4244: '引數': 將 'double' 轉換為 'int'，由於類型不同，可能導致資料遺失
d:\課程\作業\進程\stockviewer_20190510\stockviewer_20190510\stockviewer_20190502\cstock.cpp(205): warning C4244: '引數': 將 'double' 轉換為 'int'，由於類型不同，可能導致資料遺失
d:\課程\作業\進程\stockviewer_20190510\stockviewer_20190510\stockviewer_20190502\cstock.cpp(212): warning C4244: '引數': 將 'double' 轉換為 'int'，由於類型不同，可能導致資料遺失
d:\課程\作業\進程\stockviewer_20190510\stockviewer_20190510\stockviewer_20190502\cstock.cpp(219): warning C4244: '引數': 將 'double' 轉換為 'int'，由於類型不同，可能導致資料遺失
d:\課程\作業\進程\stockviewer_20190510\stockviewer_20190510\stockviewer_20190502\cstock.cpp(226): warning C4244: '引數': 將 'double' 轉換為 'int'，由於類型不同，可能導致資料遺失
d:\課程\作業\進程\stockviewer_20190510\stockviewer_20190510\stockviewer_20190502\cstock.cpp(233): warning C4244: '引數': 將 'double' 轉換為 'int'，由於類型不同，可能導致資料遺失
d:\課程\作業\進程\stockviewer_20190510\stockviewer_20190510\stockviewer_20190502\cstock.cpp(264): warning C4244: '引數': 將 'double' 轉換為 'int'，由於類型不同，可能導致資料遺失
d:\課程\作業\進程\stockviewer_20190510\stockviewer_20190510\stockviewer_20190502\cstock.cpp(265): warning C4244: '引數': 將 'double' 轉換為 'int'，由於類型不同，可能導致資料遺失
d:\課程\作業\進程\stockviewer_20190510\stockviewer_20190510\stockviewer_20190502\cstock.cpp(266): warning C4244: '引數': 將 'double' 轉換為 'int'，由於類型不同，可能導致資料遺失
d:\課程\作業\進程\stockviewer_20190510\stockviewer_20190510\stockviewer_20190502\cstock.cpp(267): warning C4244: '引數': 將 'double' 轉換為 'int'，由於類型不同，可能導致資料遺失
d:\課程\作業\進程\stockviewer_20190510\stockviewer_20190510\stockviewer_20190502\cstock.cpp(281): warning C4244: '引數': 將 'double' 轉換為 'int'，由於類型不同，可能導致資料遺失
d:\課程\作業\進程\stockviewer_20190510\stockviewer_20190510\stockviewer_20190502\cstock.cpp(282): warning C4244: '引數': 將 'double' 轉換為 'int'，由於類型不同，可能導致資料遺失
d:\課程\作業\進程\stockviewer_20190510\stockviewer_20190510\stockviewer_20190502\cstock.cpp(283): warning C4244: '引數': 將 'double' 轉換為 'int'，由於類型不同，可能導致資料遺失
d:\課程\作業\進程\stockviewer_20190510\stockviewer_20190510\stockviewer_20190502\cstock.cpp(284): warning C4244: '引數': 將 'double' 轉換為 'int'，由於類型不同，可能導致資料遺失
d:\課程\作業\進程\stockviewer_20190510\stockviewer_20190510\stockviewer_20190502\cstock.cpp(298): warning C4244: '引數': 將 'double' 轉換為 'int'，由於類型不同，可能導致資料遺失
d:\課程\作業\進程\stockviewer_20190510\stockviewer_20190510\stockviewer_20190502\cstock.cpp(299): warning C4244: '引數': 將 'double' 轉換為 'int'，由於類型不同，可能導致資料遺失
d:\課程\作業\進程\stockviewer_20190510\stockviewer_20190510\stockviewer_20190502\cstock.cpp(300): warning C4244: '引數': 將 'double' 轉換為 'int'，由於類型不同，可能導致資料遺失
d:\課程\作業\進程\stockviewer_20190510\stockviewer_20190510\stockviewer_20190502\cstock.cpp(301): warning C4244: '引數': 將 'double' 轉換為 'int'，由於類型不同，可能導致資料遺失
d:\課程\作業\進程\stockviewer_20190510\stockviewer_20190510\stockviewer_20190502\cstock.cpp(361): warning C4244: '=': 將 'double' 轉換為 'int'，由於類型不同，可能導致資料遺失
d:\課程\作業\進程\stockviewer_20190510\stockviewer_20190510\stockviewer_20190502\cstock.cpp(366): warning C4244: '=': 將 'double' 轉換為 'int'，由於類型不同，可能導致資料遺失
d:\課程\作業\進程\stockviewer_20190510\stockviewer_20190510\stockviewer_20190502\cstock.cpp(330): warning C4101: 'pt': 未參考的區域變數
  StockViewer_20190502.vcxproj -> D:\課程\作業\進程\StockViewer_20190510\StockViewer_20190510\x64\Debug\StockViewer_20190502.exe
