2584-Demo: ./2584 --total=100000 --block=1000 --limit=1000 --play=load=tuple_network/network_8x5/weights_8x5.bin save=tuple_network/network_8x5/weights_8x5.bin alpha=0.0125 tuple_size=5 

1000	avg = 10366, max = 28333, ops = 1817754 (1489799|2902935)
	55	100%	(0.1%)
	89	99.9%	(0.2%)
	144	99.7%	(2.5%)
	233	97.2%	(7.4%)
	377	89.8%	(18.8%)
	610	71%	(35.8%)
	987	35.2%	(30.9%)
	1597	4.3%	(4.3%)

2000	avg = 16230, max = 40738, ops = 1861818 (1434712|3466638)
	144	100%	(0.2%)
	233	99.8%	(2.3%)
	377	97.5%	(6.7%)
	610	90.8%	(22.7%)
	987	68.1%	(43%)
	1597	25.1%	(22.7%)
	2584	2.4%	(2.4%)

3000	avg = 19204, max = 45655, ops = 1820374 (1399541|3065335)
	233	100%	(1.3%)
	377	98.7%	(4.8%)
	610	93.9%	(13.9%)
	987	80%	(41.5%)
	1597	38.5%	(34.7%)
	2584	3.8%	(3.8%)

4000	avg = 21812, max = 49174, ops = 1829793 (1422354|3030800)
	144	100%	(0.2%)
	233	99.8%	(0.8%)
	377	99%	(2.8%)
	610	96.2%	(10%)
	987	86.2%	(34.7%)
	1597	51.5%	(45%)
	2584	6.5%	(6.5%)

5000	avg = 24340, max = 74179, ops = 1778820 (1344199|3073845)
	144	100%	(0.2%)
	233	99.8%	(0.2%)
	377	99.6%	(3.6%)
	610	96%	(8.5%)
	987	87.5%	(25.1%)
	1597	62.4%	(51.1%)
	2584	11.3%	(11%)
	4181	0.3%	(0.3%)

6000	avg = 25539, max = 66360, ops = 1794182 (1363173|3145245)
	233	100%	(0.4%)
	377	99.6%	(3.2%)
	610	96.4%	(7.6%)
	987	88.8%	(23.9%)
	1597	64.9%	(51.4%)
	2584	13.5%	(13.1%)
	4181	0.4%	(0.4%)

7000	avg = 27733, max = 77569, ops = 1837538 (1425807|3023386)
	233	100%	(0.1%)
	377	99.9%	(2.1%)
	610	97.8%	(7.1%)
	987	90.7%	(20.6%)
	1597	70.1%	(49.6%)
	2584	20.5%	(19%)
	4181	1.5%	(1.5%)

8000	avg = 28899, max = 77754, ops = 1783154 (1406779|2868710)
	233	100%	(0.1%)
	377	99.9%	(1.6%)
	610	98.3%	(6.7%)
	987	91.6%	(16.7%)
	1597	74.9%	(53.3%)
	2584	21.6%	(19.5%)
	4181	2.1%	(2.1%)

9000	avg = 29961, max = 96621, ops = 1848868 (1433363|2993679)
	144	100%	(0.2%)
	233	99.8%	(0.2%)
	377	99.6%	(0.8%)
	610	98.8%	(6.8%)
	987	92%	(18.1%)
	1597	73.9%	(51%)
	2584	22.9%	(19.7%)
	4181	3.2%	(3.1%)
	6765	0.1%	(0.1%)

10000	avg = 30341, max = 78544, ops = 1822064 (1432247|2917690)
	144	100%	(0.2%)
	233	99.8%	(0.2%)
	377	99.6%	(1.4%)
	610	98.2%	(6.5%)
	987	91.7%	(16.9%)
	1597	74.8%	(50.3%)
	2584	24.5%	(20.8%)
	4181	3.7%	(3.7%)

11000	avg = 31594, max = 77441, ops = 1817398 (1371242|3143304)
	233	100%	(0.2%)
	377	99.8%	(1.1%)
	610	98.7%	(4.9%)
	987	93.8%	(15.3%)
	1597	78.5%	(49.6%)
	2584	28.9%	(24.9%)
	4181	4%	(4%)

12000	avg = 32686, max = 113516, ops = 1835679 (1455765|2904921)
	377	100%	(1.9%)
	610	98.1%	(5.3%)
	987	92.8%	(11.4%)
	1597	81.4%	(52.6%)
	2584	28.8%	(23.3%)
	4181	5.5%	(5.2%)
	6765	0.3%	(0.3%)

13000	avg = 32206, max = 96649, ops = 1834046 (1425196|3001851)
	233	100%	(0.4%)
	377	99.6%	(1.5%)
	610	98.1%	(5%)
	987	93.1%	(14.5%)
	1597	78.6%	(51.3%)
	2584	27.3%	(21.2%)
	4181	6.1%	(5.9%)
	6765	0.2%	(0.2%)

14000	avg = 34008, max = 79831, ops = 1797872 (1362793|3138996)
	377	100%	(1.1%)
	610	98.9%	(5.1%)
	987	93.8%	(10.9%)
	1597	82.9%	(48.2%)
	2584	34.7%	(27.5%)
	4181	7.2%	(7.2%)

15000	avg = 34662, max = 102604, ops = 1832107 (1423393|3045511)
	233	100%	(0.2%)
	377	99.8%	(0.7%)
	610	99.1%	(3.8%)
	987	95.3%	(11.7%)
	1597	83.6%	(49.8%)
	2584	33.8%	(25.8%)
	4181	8%	(7.7%)
	6765	0.3%	(0.3%)

16000	avg = 35846, max = 120743, ops = 1851706 (1416797|3124149)
	233	100%	(0.3%)
	377	99.7%	(1%)
	610	98.7%	(2.5%)
	987	96.2%	(12%)
	1597	84.2%	(47.2%)
	2584	37%	(28.9%)
	4181	8.1%	(7.8%)
	6765	0.3%	(0.3%)

17000	avg = 36605, max = 115992, ops = 1819013 (1368615|3135262)
	233	100%	(0.2%)
	377	99.8%	(1.1%)
	610	98.7%	(3.2%)
	987	95.5%	(9.7%)
	1597	85.8%	(46.5%)
	2584	39.3%	(30.5%)
	4181	8.8%	(8.2%)
	6765	0.6%	(0.6%)

18000	avg = 37355, max = 112155, ops = 1848726 (1392929|3161253)
	233	100%	(0.2%)
	377	99.8%	(1.1%)
	610	98.7%	(2.8%)
	987	95.9%	(9.9%)
	1597	86%	(44.4%)
	2584	41.6%	(30.6%)
	4181	11%	(10.7%)
	6765	0.3%	(0.3%)

19000	avg = 38321, max = 116710, ops = 1821005 (1403497|3062830)
	233	100%	(0.4%)
	377	99.6%	(0.4%)
	610	99.2%	(4.1%)
	987	95.1%	(10.6%)
	1597	84.5%	(40.8%)
	2584	43.7%	(31.7%)
	4181	12%	(11.1%)
	6765	0.9%	(0.9%)

20000	avg = 38740, max = 127095, ops = 1834829 (1448391|2913290)
	233	100%	(0.2%)
	377	99.8%	(0.4%)
	610	99.4%	(3.2%)
	987	96.2%	(10.1%)
	1597	86.1%	(41.1%)
	2584	45%	(33.3%)
	4181	11.7%	(10.9%)
	6765	0.8%	(0.8%)

21000	avg = 40886, max = 127717, ops = 1841981 (1404815|3163225)
	233	100%	(0.2%)
	377	99.8%	(0.9%)
	610	98.9%	(1.6%)
	987	97.3%	(9.8%)
	1597	87.5%	(37.4%)
	2584	50.1%	(35.4%)
	4181	14.7%	(13.2%)
	6765	1.5%	(1.5%)

22000	avg = 41022, max = 117697, ops = 1803585 (1393323|2934227)
	233	100%	(0.2%)
	377	99.8%	(0.7%)
	610	99.1%	(2.8%)
	987	96.3%	(9%)
	1597	87.3%	(36.1%)
	2584	51.2%	(37.1%)
	4181	14.1%	(12.7%)
	6765	1.4%	(1.4%)

23000	avg = 42612, max = 124486, ops = 1835076 (1412697|3037954)
	233	100%	(0.3%)
	377	99.7%	(0.7%)
	610	99%	(2.2%)
	987	96.8%	(10.2%)
	1597	86.6%	(32.3%)
	2584	54.3%	(37%)
	4181	17.3%	(15.5%)
	6765	1.8%	(1.8%)

24000	avg = 44094, max = 138986, ops = 1831755 (1401974|3111657)
	233	100%	(0.1%)
	377	99.9%	(1%)
	610	98.9%	(1.8%)
	987	97.1%	(10.6%)
	1597	86.5%	(28.5%)
	2584	58%	(38.7%)
	4181	19.3%	(16.5%)
	6765	2.8%	(2.8%)

25000	avg = 45944, max = 134633, ops = 1813944 (1375758|3156715)
	233	100%	(0.1%)
	377	99.9%	(0.4%)
	610	99.5%	(3.1%)
	987	96.4%	(8.3%)
	1597	88.1%	(27.1%)
	2584	61%	(38.9%)
	4181	22.1%	(19.5%)
	6765	2.6%	(2.6%)

26000	avg = 45738, max = 132232, ops = 1615365 (1278878|2590244)
	377	100%	(0.5%)
	610	99.5%	(2.5%)
	987	97%	(8%)
	1597	89%	(28.3%)
	2584	60.7%	(38.8%)
	4181	21.9%	(19.6%)
	6765	2.3%	(2.3%)

27000	avg = 47790, max = 128684, ops = 1519688 (1157779|2568443)
	233	100%	(0.3%)
	377	99.7%	(0.3%)
	610	99.4%	(2.2%)
	987	97.2%	(7%)
	1597	90.2%	(24.8%)
	2584	65.4%	(41.9%)
	4181	23.5%	(20.6%)
	6765	2.9%	(2.9%)

28000	avg = 48783, max = 187133, ops = 1763620 (1357036|2913836)
	377	100%	(0.6%)
	610	99.4%	(1.9%)
	987	97.5%	(8%)
	1597	89.5%	(22.9%)
	2584	66.6%	(38.9%)
	4181	27.7%	(24.3%)
	6765	3.4%	(3.3%)
	10946	0.1%	(0.1%)

29000	avg = 48869, max = 166011, ops = 1832281 (1397433|3165420)
	233	100%	(0.1%)
	377	99.9%	(0.5%)
	610	99.4%	(1.9%)
	987	97.5%	(6.5%)
	1597	91%	(23.4%)
	2584	67.6%	(42%)
	4181	25.6%	(22.2%)
	6765	3.4%	(3.3%)
	10946	0.1%	(0.1%)

30000	avg = 50205, max = 134758, ops = 1812700 (1414708|2954678)
	377	100%	(0.5%)
	610	99.5%	(1.9%)
	987	97.6%	(5.3%)
	1597	92.3%	(25.2%)
	2584	67.1%	(38.1%)
	4181	29%	(24.3%)
	6765	4.7%	(4.7%)

31000	avg = 51151, max = 197097, ops = 1811324 (1364897|3136062)
	233	100%	(0.2%)
	377	99.8%	(0.4%)
	610	99.4%	(1.7%)
	987	97.7%	(7.6%)
	1597	90.1%	(21.4%)
	2584	68.7%	(38.9%)
	4181	29.8%	(25.4%)
	6765	4.4%	(4.2%)
	10946	0.2%	(0.2%)

32000	avg = 51691, max = 136232, ops = 1809666 (1404665|2932698)
	377	100%	(0.6%)
	610	99.4%	(0.9%)
	987	98.5%	(7.3%)
	1597	91.2%	(21.4%)
	2584	69.8%	(39.3%)
	4181	30.5%	(24.3%)
	6765	6.2%	(6.2%)

33000	avg = 51487, max = 176449, ops = 1824760 (1408641|3119052)
	377	100%	(0.4%)
	610	99.6%	(2.2%)
	987	97.4%	(5.2%)
	1597	92.2%	(21%)
	2584	71.2%	(42.3%)
	4181	28.9%	(23.4%)
	6765	5.5%	(5.4%)
	10946	0.1%	(0.1%)

34000	avg = 51250, max = 154604, ops = 1672662 (1263963|2938892)
	377	100%	(0.2%)
	610	99.8%	(2.1%)
	987	97.7%	(6.3%)
	1597	91.4%	(22.8%)
	2584	68.6%	(40.5%)
	4181	28.1%	(22.6%)
	6765	5.5%	(5.4%)
	10946	0.1%	(0.1%)

35000	avg = 52118, max = 179527, ops = 1816740 (1396330|3004146)
	233	100%	(0.3%)
	377	99.7%	(0.8%)
	610	98.9%	(0.9%)
	987	98%	(7%)
	1597	91%	(20.3%)
	2584	70.7%	(40.5%)
	4181	30.2%	(24.7%)
	6765	5.5%	(5.4%)
	10946	0.1%	(0.1%)

36000	avg = 53489, max = 175341, ops = 1815791 (1394996|3007313)
	377	100%	(0.6%)
	610	99.4%	(1.7%)
	987	97.7%	(5.1%)
	1597	92.6%	(22%)
	2584	70.6%	(39.5%)
	4181	31.1%	(23.4%)
	6765	7.7%	(7.5%)
	10946	0.2%	(0.2%)

37000	avg = 54213, max = 176984, ops = 1792104 (1390470|2905065)
	144	100%	(0.1%)
	233	99.9%	(0.1%)
	377	99.8%	(0.5%)
	610	99.3%	(1.2%)
	987	98.1%	(5.9%)
	1597	92.2%	(17.9%)
	2584	74.3%	(39.8%)
	4181	34.5%	(27.7%)
	6765	6.8%	(6.7%)
	10946	0.1%	(0.1%)

38000	avg = 52616, max = 142024, ops = 1648210 (1225409|2956682)
	377	100%	(0.5%)
	610	99.5%	(1.5%)
	987	98%	(6.7%)
	1597	91.3%	(18.3%)
	2584	73%	(44%)
	4181	29%	(23.3%)
	6765	5.7%	(5.7%)

39000	avg = 53823, max = 193521, ops = 1765765 (1366145|2892081)
	377	100%	(0.8%)
	610	99.2%	(1.8%)
	987	97.4%	(5.8%)
	1597	91.6%	(17.7%)
	2584	73.9%	(43.6%)
	4181	30.3%	(22.6%)
	6765	7.7%	(7.5%)
	10946	0.2%	(0.2%)

40000	avg = 53569, max = 171718, ops = 1783321 (1369808|3010696)
	144	100%	(0.1%)
	377	99.9%	(0.2%)
	610	99.7%	(1.4%)
	987	98.3%	(6.3%)
	1597	92%	(20%)
	2584	72%	(41.1%)
	4181	30.9%	(23.9%)
	6765	7%	(6.9%)
	10946	0.1%	(0.1%)

41000	avg = 53507, max = 176479, ops = 1770372 (1366978|2919524)
	377	100%	(0.4%)
	610	99.6%	(1.6%)
	987	98%	(5.2%)
	1597	92.8%	(18.7%)
	2584	74.1%	(45.6%)
	4181	28.5%	(22%)
	6765	6.5%	(6.4%)
	10946	0.1%	(0.1%)

42000	avg = 54989, max = 172291, ops = 1742810 (1322752|3021642)
	233	100%	(0.1%)
	377	99.9%	(0.6%)
	610	99.3%	(1.4%)
	987	97.9%	(4.2%)
	1597	93.7%	(16.8%)
	2584	76.9%	(44.5%)
	4181	32.4%	(25.4%)
	6765	7%	(6.8%)
	10946	0.2%	(0.2%)

43000	avg = 55057, max = 195888, ops = 1794117 (1360632|3041676)
	377	100%	(0.2%)
	610	99.8%	(0.9%)
	987	98.9%	(5.8%)
	1597	93.1%	(19.3%)
	2584	73.8%	(42%)
	4181	31.8%	(25.2%)
	6765	6.6%	(6.3%)
	10946	0.3%	(0.3%)

44000	avg = 54254, max = 178098, ops = 1754605 (1357151|2909088)
	233	100%	(0.2%)
	377	99.8%	(0.6%)
	610	99.2%	(1.5%)
	987	97.7%	(4.9%)
	1597	92.8%	(19.6%)
	2584	73.2%	(41.4%)
	4181	31.8%	(25.1%)
	6765	6.7%	(6.6%)
	10946	0.1%	(0.1%)

45000	avg = 55097, max = 187250, ops = 1795045 (1375456|2999205)
	377	100%	(0.4%)
	610	99.6%	(1.5%)
	987	98.1%	(6.5%)
	1597	91.6%	(17.8%)
	2584	73.8%	(41.1%)
	4181	32.7%	(24.9%)
	6765	7.8%	(7.7%)
	10946	0.1%	(0.1%)

46000	avg = 56144, max = 138343, ops = 1838177 (1408029|3103652)
	377	100%	(0.3%)
	610	99.7%	(1.4%)
	987	98.3%	(5.6%)
	1597	92.7%	(15.6%)
	2584	77.1%	(42.8%)
	4181	34.3%	(26.5%)
	6765	7.8%	(7.8%)

47000	avg = 56410, max = 168160, ops = 1825124 (1424643|3028423)
	377	100%	(0.2%)
	610	99.8%	(1.4%)
	987	98.4%	(5.3%)
	1597	93.1%	(15.3%)
	2584	77.8%	(44.2%)
	4181	33.6%	(26.1%)
	6765	7.5%	(7.2%)
	10946	0.3%	(0.3%)

48000	avg = 57489, max = 184868, ops = 1824349 (1427454|3014072)
	610	100%	(0.8%)
	987	99.2%	(4.3%)
	1597	94.9%	(16.8%)
	2584	78.1%	(44.4%)
	4181	33.7%	(25.7%)
	6765	8%	(7.7%)
	10946	0.3%	(0.3%)

49000	avg = 55615, max = 194319, ops = 1825951 (1374567|3153075)
	377	100%	(0.2%)
	610	99.8%	(1.3%)
	987	98.5%	(5%)
	1597	93.5%	(17.5%)
	2584	76%	(44.4%)
	4181	31.6%	(24%)
	6765	7.6%	(7.2%)
	10946	0.4%	(0.4%)

50000	avg = 56799, max = 141142, ops = 1727574 (1326950|2973787)
	377	100%	(0.2%)
	610	99.8%	(0.7%)
	987	99.1%	(5.3%)
	1597	93.8%	(16.5%)
	2584	77.3%	(43%)
	4181	34.3%	(26.6%)
	6765	7.7%	(7.7%)

51000	avg = 57667, max = 175279, ops = 1512767 (1137748|2633977)
	144	100%	(0.1%)
	377	99.9%	(0.1%)
	610	99.8%	(0.7%)
	987	99.1%	(4.6%)
	1597	94.5%	(17.1%)
	2584	77.4%	(42.4%)
	4181	35%	(25.9%)
	6765	9.1%	(8.9%)
	10946	0.2%	(0.2%)

52000	avg = 57822, max = 188961, ops = 1839445 (1457344|2922114)
	233	100%	(0.1%)
	610	99.9%	(0.9%)
	987	99%	(4.5%)
	1597	94.5%	(15.6%)
	2584	78.9%	(44.1%)
	4181	34.8%	(24.6%)
	6765	10.2%	(9.9%)
	10946	0.3%	(0.3%)

53000	avg = 57408, max = 184392, ops = 1526787 (1173903|2573808)
	377	100%	(0.2%)
	610	99.8%	(1.5%)
	987	98.3%	(5.3%)
	1597	93%	(14.6%)
	2584	78.4%	(41.3%)
	4181	37.1%	(30.2%)
	6765	6.9%	(6.5%)
	10946	0.4%	(0.4%)

54000	avg = 57524, max = 187177, ops = 1365580 (1041059|2284922)
	144	100%	(0.1%)
	377	99.9%	(0.4%)
	610	99.5%	(1.2%)
	987	98.3%	(5.5%)
	1597	92.8%	(14.3%)
	2584	78.5%	(44.4%)
	4181	34.1%	(25.6%)
	6765	8.5%	(7.8%)
	10946	0.7%	(0.7%)

55000	avg = 58817, max = 192069, ops = 1439816 (1105200|2424187)
	377	100%	(0.2%)
	610	99.8%	(0.5%)
	987	99.3%	(4.7%)
	1597	94.6%	(15.8%)
	2584	78.8%	(40.6%)
	4181	38.2%	(29.3%)
	6765	8.9%	(8.4%)
	10946	0.5%	(0.5%)

56000	avg = 59041, max = 200736, ops = 1447478 (1118759|2385296)
	377	100%	(0.5%)
	610	99.5%	(0.8%)
	987	98.7%	(5.1%)
	1597	93.6%	(14.6%)
	2584	79%	(43.2%)
	4181	35.8%	(25.3%)
	6765	10.5%	(10%)
	10946	0.5%	(0.5%)

57000	avg = 59308, max = 197423, ops = 1356150 (1011942|2437391)
	144	100%	(0.1%)
	233	99.9%	(0.1%)
	377	99.8%	(0.4%)
	610	99.4%	(0.3%)
	987	99.1%	(4.1%)
	1597	95%	(15.4%)
	2584	79.6%	(43.2%)
	4181	36.4%	(26.8%)
	6765	9.6%	(8.7%)
	10946	0.9%	(0.9%)

58000	avg = 60207, max = 192037, ops = 1443808 (1087844|2540803)
	233	100%	(0.1%)
	610	99.9%	(1%)
	987	98.9%	(3.6%)
	1597	95.3%	(15.1%)
	2584	80.2%	(41.3%)
	4181	38.9%	(29.3%)
	6765	9.6%	(9%)
	10946	0.6%	(0.6%)

59000	avg = 58608, max = 181772, ops = 1559301 (1176120|2670457)
	233	100%	(0.1%)
	377	99.9%	(0.1%)
	610	99.8%	(1.2%)
	987	98.6%	(3.3%)
	1597	95.3%	(14.3%)
	2584	81%	(44%)
	4181	37%	(28.6%)
	6765	8.4%	(8.1%)
	10946	0.3%	(0.3%)

60000	avg = 60083, max = 191860, ops = 1425511 (1068306|2550505)
	610	100%	(0.8%)
	987	99.2%	(3%)
	1597	96.2%	(14%)
	2584	82.2%	(43.5%)
	4181	38.7%	(30.5%)
	6765	8.2%	(7.6%)
	10946	0.6%	(0.6%)

61000	avg = 60669, max = 180138, ops = 1336072 (1006020|2311422)
	377	100%	(0.2%)
	610	99.8%	(1.3%)
	987	98.5%	(4.4%)
	1597	94.1%	(13.6%)
	2584	80.5%	(41.7%)
	4181	38.8%	(27.2%)
	6765	11.6%	(11.2%)
	10946	0.4%	(0.4%)

62000	avg = 60918, max = 192614, ops = 1374142 (1060177|2388740)
	377	100%	(0.4%)
	610	99.6%	(0.9%)
	987	98.7%	(4.1%)
	1597	94.6%	(13.7%)
	2584	80.9%	(42.2%)
	4181	38.7%	(27.5%)
	6765	11.2%	(10.9%)
	10946	0.3%	(0.3%)

63000	avg = 59662, max = 171554, ops = 1382335 (1035382|2460737)
	144	100%	(0.1%)
	377	99.9%	(0.2%)
	610	99.7%	(0.3%)
	987	99.4%	(5.5%)
	1597	93.9%	(12.9%)
	2584	81%	(43%)
	4181	38%	(28.4%)
	6765	9.6%	(9.4%)
	10946	0.2%	(0.2%)

64000	avg = 61062, max = 194554, ops = 1343310 (1018210|2290493)
	377	100%	(0.3%)
	610	99.7%	(1.1%)
	987	98.6%	(4.6%)
	1597	94%	(11.5%)
	2584	82.5%	(42.3%)
	4181	40.2%	(29.9%)
	6765	10.3%	(10%)
	10946	0.3%	(0.3%)

65000	avg = 61640, max = 213517, ops = 1400576 (1073454|2347305)
	233	100%	(0.1%)
	377	99.9%	(0.4%)
	610	99.5%	(1%)
	987	98.5%	(3.1%)
	1597	95.4%	(13.5%)
	2584	81.9%	(42.2%)
	4181	39.7%	(28.5%)
	6765	11.2%	(9.8%)
	10946	1.4%	(1.4%)

66000	avg = 62809, max = 185915, ops = 1313304 (1011504|2165195)
	610	100%	(0.5%)
	987	99.5%	(2.4%)
	1597	97.1%	(13.6%)
	2584	83.5%	(41.3%)
	4181	42.2%	(30.6%)
	6765	11.6%	(10.9%)
	10946	0.7%	(0.7%)

67000	avg = 62577, max = 197442, ops = 1300316 (996042|2174682)
	377	100%	(0.5%)
	610	99.5%	(0.6%)
	987	98.9%	(4.7%)
	1597	94.2%	(12.1%)
	2584	82.1%	(40.6%)
	4181	41.5%	(29.4%)
	6765	12.1%	(11.1%)
	10946	1%	(1%)

68000	avg = 63472, max = 185134, ops = 1487609 (1139607|2524584)
	377	100%	(0.1%)
	610	99.9%	(0.4%)
	987	99.5%	(4%)
	1597	95.5%	(11.9%)
	2584	83.6%	(41%)
	4181	42.6%	(29.8%)
	6765	12.8%	(12.1%)
	10946	0.7%	(0.7%)

69000	avg = 63551, max = 195214, ops = 1661275 (1257747|2854101)
	377	100%	(0.1%)
	610	99.9%	(0.4%)
	987	99.5%	(4.9%)
	1597	94.6%	(13.2%)
	2584	81.4%	(39.1%)
	4181	42.3%	(29%)
	6765	13.3%	(12.7%)
	10946	0.6%	(0.6%)

70000	avg = 63822, max = 206641, ops = 1306971 (989389|2256157)
	377	100%	(0.3%)
	610	99.7%	(1%)
	987	98.7%	(4%)
	1597	94.7%	(12.3%)
	2584	82.4%	(39.1%)
	4181	43.3%	(30.2%)
	6765	13.1%	(12.2%)
	10946	0.9%	(0.9%)

71000	avg = 65586, max = 191174, ops = 1728694 (1331837|2870858)
	233	100%	(0.1%)
	377	99.9%	(0.2%)
	610	99.7%	(0.8%)
	987	98.9%	(3.1%)
	1597	95.8%	(12.3%)
	2584	83.5%	(37.9%)
	4181	45.6%	(29.6%)
	6765	16%	(15.3%)
	10946	0.7%	(0.7%)

72000	avg = 64558, max = 197432, ops = 1568021 (1181587|2738249)
	377	100%	(0.2%)
	610	99.8%	(0.9%)
	987	98.9%	(2.9%)
	1597	96%	(12.3%)
	2584	83.7%	(39.6%)
	4181	44.1%	(30.4%)
	6765	13.7%	(13%)
	10946	0.7%	(0.7%)

73000	avg = 63091, max = 206145, ops = 1482908 (1132996|2571633)
	233	100%	(0.1%)
	377	99.9%	(0.3%)
	610	99.6%	(0.3%)
	987	99.3%	(4%)
	1597	95.3%	(12.9%)
	2584	82.4%	(39.3%)
	4181	43.1%	(31.1%)
	6765	12%	(11.2%)
	10946	0.8%	(0.8%)

74000	avg = 64041, max = 209990, ops = 1601901 (1223934|2709005)
	233	100%	(0.1%)
	377	99.9%	(0.2%)
	610	99.7%	(0.4%)
	987	99.3%	(5.2%)
	1597	94.1%	(11%)
	2584	83.1%	(39.6%)
	4181	43.5%	(28.9%)
	6765	14.6%	(14.1%)
	10946	0.5%	(0.5%)

75000	avg = 63805, max = 196222, ops = 1707466 (1285826|2962697)
	377	100%	(0.2%)
	610	99.8%	(0.6%)
	987	99.2%	(4.9%)
	1597	94.3%	(13.2%)
	2584	81.1%	(38.6%)
	4181	42.5%	(28.1%)
	6765	14.4%	(13.5%)
	10946	0.9%	(0.9%)

76000	avg = 65816, max = 197224, ops = 1493525 (1161989|2424646)
	377	100%	(0.1%)
	610	99.9%	(0.4%)
	987	99.5%	(3.9%)
	1597	95.6%	(11.3%)
	2584	84.3%	(40.3%)
	4181	44%	(28.5%)
	6765	15.5%	(14.5%)
	10946	1%	(1%)

77000	avg = 64477, max = 205434, ops = 1518920 (1184806|2457982)
	377	100%	(0.2%)
	610	99.8%	(0.8%)
	987	99%	(3.4%)
	1597	95.6%	(11.7%)
	2584	83.9%	(39.6%)
	4181	44.3%	(30.5%)
	6765	13.8%	(12.8%)
	10946	1%	(1%)

78000	avg = 67033, max = 206097, ops = 1767185 (1346252|3035443)
	233	100%	(0.2%)
	377	99.8%	(0.3%)
	610	99.5%	(0.6%)
	987	98.9%	(3.9%)
	1597	95%	(11.6%)
	2584	83.4%	(36.5%)
	4181	46.9%	(30.2%)
	6765	16.7%	(15%)
	10946	1.7%	(1.7%)

79000	avg = 64760, max = 217744, ops = 1815448 (1413178|2991533)
	233	100%	(0.1%)
	610	99.9%	(1%)
	987	98.9%	(4.7%)
	1597	94.2%	(12.7%)
	2584	81.5%	(38.3%)
	4181	43.2%	(27.4%)
	6765	15.8%	(14.5%)
	10946	1.3%	(1.3%)

80000	avg = 65515, max = 220941, ops = 1806142 (1391237|3041545)
	377	100%	(0.2%)
	610	99.8%	(0.4%)
	987	99.4%	(3.5%)
	1597	95.9%	(13.1%)
	2584	82.8%	(37%)
	4181	45.8%	(30.7%)
	6765	15.1%	(13.6%)
	10946	1.5%	(1.5%)

81000	avg = 64757, max = 209877, ops = 1819089 (1403812|2982248)
	377	100%	(0.3%)
	610	99.7%	(0.7%)
	987	99%	(4.6%)
	1597	94.4%	(12.8%)
	2584	81.6%	(38.9%)
	4181	42.7%	(28%)
	6765	14.7%	(13.2%)
	10946	1.5%	(1.5%)

82000	avg = 68956, max = 197047, ops = 1790340 (1369640|3019622)
	610	100%	(0.5%)
	987	99.5%	(2.7%)
	1597	96.8%	(13.2%)
	2584	83.6%	(34.9%)
	4181	48.7%	(30.6%)
	6765	18.1%	(16.4%)
	10946	1.7%	(1.7%)

83000	avg = 67112, max = 234616, ops = 1672174 (1286446|2779796)
	377	100%	(0.3%)
	610	99.7%	(0.5%)
	987	99.2%	(3%)
	1597	96.2%	(11.1%)
	2584	85.1%	(38.3%)
	4181	46.8%	(30.1%)
	6765	16.7%	(15.7%)
	10946	1%	(1%)

84000	avg = 65921, max = 212853, ops = 1791884 (1373217|2980731)
	377	100%	(0.1%)
	610	99.9%	(1%)
	987	98.9%	(3.8%)
	1597	95.1%	(12.9%)
	2584	82.2%	(36.8%)
	4181	45.4%	(29.4%)
	6765	16%	(15.1%)
	10946	0.9%	(0.9%)

85000	avg = 67372, max = 195022, ops = 1757269 (1356214|2890726)
	377	100%	(0.1%)
	610	99.9%	(0.5%)
	987	99.4%	(2.9%)
	1597	96.5%	(13.2%)
	2584	83.3%	(36.3%)
	4181	47%	(29.5%)
	6765	17.5%	(16.2%)
	10946	1.3%	(1.3%)

86000	avg = 66442, max = 209367, ops = 1764110 (1362620|2907999)
	377	100%	(0.2%)
	610	99.8%	(0.6%)
	987	99.2%	(3.5%)
	1597	95.7%	(13.4%)
	2584	82.3%	(35.5%)
	4181	46.8%	(31.2%)
	6765	15.6%	(14.5%)
	10946	1.1%	(1.1%)

87000	avg = 66786, max = 214026, ops = 1751784 (1343467|2950716)
	233	100%	(0.1%)
	377	99.9%	(0.2%)
	610	99.7%	(0.7%)
	987	99%	(3.6%)
	1597	95.4%	(12.2%)
	2584	83.2%	(37%)
	4181	46.2%	(29.7%)
	6765	16.5%	(14.4%)
	10946	2.1%	(2.1%)

88000	avg = 71903, max = 219221, ops = 1768422 (1367413|2989818)
	377	100%	(0.2%)
	610	99.8%	(0.5%)
	987	99.3%	(2.5%)
	1597	96.8%	(10.5%)
	2584	86.3%	(35.5%)
	4181	50.8%	(30.2%)
	6765	20.6%	(18.1%)
	10946	2.5%	(2.5%)

89000	avg = 69121, max = 213939, ops = 1769032 (1346781|3050268)
	233	100%	(0.1%)
	610	99.9%	(0.7%)
	987	99.2%	(2.9%)
	1597	96.3%	(11.9%)
	2584	84.4%	(34.6%)
	4181	49.8%	(31.1%)
	6765	18.7%	(17.4%)
	10946	1.3%	(1.3%)

90000	avg = 68249, max = 199615, ops = 1771687 (1354038|2980108)
	377	100%	(0.2%)
	610	99.8%	(0.2%)
	987	99.6%	(3.1%)
	1597	96.5%	(11.7%)
	2584	84.8%	(36.9%)
	4181	47.9%	(29.4%)
	6765	18.5%	(17.1%)
	10946	1.4%	(1.4%)

91000	avg = 71382, max = 200969, ops = 1802025 (1379219|3052952)
	233	100%	(0.2%)
	377	99.8%	(0.3%)
	610	99.5%	(1%)
	987	98.5%	(3.3%)
	1597	95.2%	(11.6%)
	2584	83.6%	(30.9%)
	4181	52.7%	(30.9%)
	6765	21.8%	(20.4%)
	10946	1.4%	(1.4%)

92000	avg = 67982, max = 233251, ops = 1820363 (1381674|3129897)
	144	100%	(0.1%)
	610	99.9%	(0.2%)
	987	99.7%	(3.4%)
	1597	96.3%	(12.8%)
	2584	83.5%	(37.1%)
	4181	46.4%	(28.6%)
	6765	17.8%	(16.6%)
	10946	1.2%	(1.2%)

93000	avg = 70722, max = 212712, ops = 1791107 (1396275|2968761)
	377	100%	(0.2%)
	610	99.8%	(0.5%)
	987	99.3%	(2.6%)
	1597	96.7%	(11.7%)
	2584	85%	(32.8%)
	4181	52.2%	(32.3%)
	6765	19.9%	(18.7%)
	10946	1.2%	(1.2%)

94000	avg = 71427, max = 204124, ops = 1816225 (1417798|3015820)
	377	100%	(0.2%)
	610	99.8%	(0.3%)
	987	99.5%	(2.7%)
	1597	96.8%	(10%)
	2584	86.8%	(33.3%)
	4181	53.5%	(34.4%)
	6765	19.1%	(17.1%)
	10946	2%	(2%)

95000	avg = 71136, max = 202071, ops = 1829151 (1392654|3155686)
	610	100%	(0.8%)
	987	99.2%	(3.9%)
	1597	95.3%	(10.3%)
	2584	85%	(32.7%)
	4181	52.3%	(31.9%)
	6765	20.4%	(18.3%)
	10946	2.1%	(2.1%)

96000	avg = 69859, max = 218041, ops = 1816393 (1415058|3007028)
	610	100%	(0.6%)
	987	99.4%	(2.2%)
	1597	97.2%	(10.6%)
	2584	86.6%	(36.3%)
	4181	50.3%	(31.7%)
	6765	18.6%	(16.8%)
	10946	1.8%	(1.8%)

97000	avg = 72548, max = 199966, ops = 1748760 (1343216|2938192)
	144	100%	(0.1%)
	377	99.9%	(0.1%)
	610	99.8%	(0.6%)
	987	99.2%	(2.8%)
	1597	96.4%	(10.9%)
	2584	85.5%	(31.6%)
	4181	53.9%	(31.7%)
	6765	22.2%	(20.6%)
	10946	1.6%	(1.6%)

98000	avg = 73766, max = 237008, ops = 1809424 (1384815|3065002)
	233	100%	(0.1%)
	377	99.9%	(0.1%)
	610	99.8%	(0.7%)
	987	99.1%	(2.1%)
	1597	97%	(11.6%)
	2584	85.4%	(31.6%)
	4181	53.8%	(31.7%)
	6765	22.1%	(19.6%)
	10946	2.5%	(2.5%)

99000	avg = 73815, max = 212010, ops = 1831303 (1409633|3112198)
	233	100%	(0.1%)
	610	99.9%	(0.4%)
	987	99.5%	(1.9%)
	1597	97.6%	(10.1%)
	2584	87.5%	(32%)
	4181	55.5%	(33.2%)
	6765	22.3%	(19.8%)
	10946	2.5%	(2.5%)

100000	avg = 73200, max = 207525, ops = 1802737 (1394543|2981818)
	610	100%	(0.7%)
	987	99.3%	(2.7%)
	1597	96.6%	(9.9%)
	2584	86.7%	(33.1%)
	4181	53.6%	(31.6%)
	6765	22%	(18.8%)
	10946	3.2%	(3.2%)

2584-Demo: ./2584 --total=100000 --block=1000 --limit=1000 --play=load=tuple_network/network_8x5/weights_8x5.bin save=tuple_network/network_8x5/weights_8x5.bin alpha=0.0125 tuple_size=5 

1000	avg = 76504, max = 211874, ops = 1832815 (1457941|3118361)
	610	100%	(0.9%)
	987	99.1%	(2.3%)
	1597	96.8%	(7.8%)
	2584	89%	(33.7%)
	4181	55.3%	(29.6%)
	6765	25.7%	(22.1%)
	10946	3.6%	(3.6%)

2000	avg = 74429, max = 216308, ops = 1816988 (1431080|2993594)
	233	100%	(0.1%)
	377	99.9%	(0.1%)
	610	99.8%	(0.1%)
	987	99.7%	(2.3%)
	1597	97.4%	(10.4%)
	2584	87%	(32.4%)
	4181	54.6%	(29.6%)
	6765	25%	(22.9%)
	10946	2.1%	(2.1%)

3000	avg = 74840, max = 229343, ops = 1806546 (1389645|3042678)
	610	100%	(0.2%)
	987	99.8%	(3.1%)
	1597	96.7%	(10.5%)
	2584	86.2%	(31.8%)
	4181	54.4%	(29.4%)
	6765	25%	(22.5%)
	10946	2.5%	(2.5%)

4000	avg = 75466, max = 214246, ops = 1824027 (1400761|3077973)
	377	100%	(0.1%)
	610	99.9%	(0.9%)
	987	99%	(2.7%)
	1597	96.3%	(9.9%)
	2584	86.4%	(30.6%)
	4181	55.8%	(31.2%)
	6765	24.6%	(21.9%)
	10946	2.7%	(2.7%)

5000	avg = 74839, max = 208965, ops = 1865185 (1468399|2972093)
	377	100%	(0.1%)
	610	99.9%	(0.5%)
	987	99.4%	(2.1%)
	1597	97.3%	(10.7%)
	2584	86.6%	(30.5%)
	4181	56.1%	(32.6%)
	6765	23.5%	(20.7%)
	10946	2.8%	(2.8%)

